{
  "RSpec": {
    "coverage": {
      "/Users/anu/Projects/bookmark-manager/spec/features/add_bookmarks_spec.rb": [
        1,
        1,
        1,
        1,
        1,
        1,
        null,
        null,
        null
      ],
      "/Users/anu/Projects/bookmark-manager/spec/features/app_spec.rb": [
        1,
        1,
        1,
        1,
        null,
        null
      ],
      "/Users/anu/Projects/bookmark-manager/spec/features/viewing_bookmarks_spec.rb": [
        null,
        1,
        null,
        1,
        1,
        1,
        null,
        null,
        null,
        1,
        1,
        null,
        1,
        1,
        1,
        1,
        null,
        null,
        1,
        1,
        1,
        1,
        null,
        null
      ],
      "/Users/anu/Projects/bookmark-manager/spec/unit/bookmark_spec.rb": [
        1,
        null,
        1,
        1,
        1,
        null,
        1,
        null,
        1,
        1,
        1,
        null,
        1,
        1,
        1,
        1,
        null,
        null,
        null
      ]
    },
    "timestamp": 1551367031
  }
}
