{
  "RSpec": {
    "coverage": {
      "/Users/andrew/Makers/_pairing-challenges/bookmark-manager/spec/features/app_spec.rb": [
        1,
        1,
        0,
        0,
        null,
        null
      ],
      "/Users/andrew/Makers/_pairing-challenges/bookmark-manager/spec/features/viewing_bookmarks_spec.rb": [
        1,
        null,
        1,
        0,
        0,
        null,
        null,
        null
      ],
      "/Users/andrew/Makers/_pairing-challenges/bookmark-manager/spec/unit/bookmark_spec.rb": [
        1,
        null,
        0,
        0,
        0,
        0,
        0,
        null,
        null,
        null
      ]
    },
    "timestamp": 1551108259
  }
}
